<?xml version="1.0" encoding="UTF-8"?>
<!-- Generated by org.testng.reporters.JUnitReportReporter -->
<testsuite hostname="admin-PC" name="com.actitime.test.CustomerTest" tests="4" failures="0" timestamp="9 May 2019 03:33:54 GMT" time="14.953" errors="0">
  <testcase name="searchCustomerTest" time="14.922" classname="com.actitime.test.CustomerTest"/>
  <testcase name="deleteCustomerTest" time="0.016" classname="com.actitime.test.CustomerTest"/>
  <testcase name="modifyCustomerTest" time="0.000" classname="com.actitime.test.CustomerTest"/>
  <testcase name="createCustomerTest" time="0.015" classname="com.actitime.test.CustomerTest"/>
</testsuite> <!-- com.actitime.test.CustomerTest -->
